Flow report for PBL
Sat Oct 26 17:17:56 2024
Quartus Prime Version 23.1std.1 Build 993 05/14/2024 SC Lite Edition


---------------------
; Table of Contents ;
---------------------
  1. Legal Notice
  2. Flow Summary
  3. Flow Settings
  4. Flow Non-Default Global Settings
  5. Flow Elapsed Time
  6. Flow OS Summary
  7. Flow Log
  8. Flow Messages
  9. Flow Suppressed Messages



----------------
; Legal Notice ;
----------------
Copyright (C) 2024  Intel Corporation. All rights reserved.
Your use of Intel Corporation's design tools, logic functions 
and other software and tools, and any partner logic 
functions, and any output files from any of the foregoing 
(including device programming or simulation files), and any 
associated documentation or information are expressly subject 
to the terms and conditions of the Intel Program License 
Subscription Agreement, the Intel Quartus Prime License Agreement,
the Intel FPGA IP License Agreement, or other applicable license
agreement, including, without limitation, that your use is for
the sole purpose of programming logic devices manufactured by
Intel and sold by Intel or its authorized distributors.  Please
refer to the applicable agreement for further details, at
https://fpgasoftware.intel.com/eula.



+------------------------------------------------------------------------+
; Flow Summary                                                           ;
+-----------------------+------------------------------------------------+
; Flow Status           ; Successful - Sat Oct 26 17:17:53 2024          ;
; Quartus Prime Version ; 23.1std.1 Build 993 05/14/2024 SC Lite Edition ;
; Revision Name         ; PBL                                            ;
; Top-level Entity Name ; principal                                      ;
; Family                ; MAX II                                         ;
; Device                ; EPM240T100C5                                   ;
; Timing Models         ; Final                                          ;
; Total logic elements  ; 72 / 240 ( 30 % )                              ;
; Total pins            ; 17 / 80 ( 21 % )                               ;
; Total virtual pins    ; 0                                              ;
; UFM blocks            ; 0 / 1 ( 0 % )                                  ;
+-----------------------+------------------------------------------------+


+-----------------------------------------+
; Flow Settings                           ;
+-------------------+---------------------+
; Option            ; Setting             ;
+-------------------+---------------------+
; Start date & time ; 10/26/2024 17:17:34 ;
; Main task         ; Compilation         ;
; Revision Name     ; PBL                 ;
+-------------------+---------------------+


+----------------------------------------------------------------------------------------------------------------------------------------+
; Flow Non-Default Global Settings                                                                                                       ;
+---------------------------------------+------------------------------+---------------+-------------+-----------------------------------+
; Assignment Name                       ; Value                        ; Default Value ; Entity Name ; Section Id                        ;
+---------------------------------------+------------------------------+---------------+-------------+-----------------------------------+
; COMPILER_SIGNATURE_ID                 ; 300154952877.172997385425258 ; --            ; --          ; --                                ;
; EDA_DESIGN_INSTANCE_NAME              ; NA                           ; --            ; --          ; teste                             ;
; EDA_GENERATE_FUNCTIONAL_NETLIST       ; Off                          ; --            ; --          ; eda_board_design_timing           ;
; EDA_GENERATE_FUNCTIONAL_NETLIST       ; Off                          ; --            ; --          ; eda_board_design_boundary_scan    ;
; EDA_GENERATE_FUNCTIONAL_NETLIST       ; Off                          ; --            ; --          ; eda_board_design_signal_integrity ;
; EDA_GENERATE_FUNCTIONAL_NETLIST       ; Off                          ; --            ; --          ; eda_board_design_symbol           ;
; EDA_TEST_BENCH_FILE                   ; principal.v                  ; --            ; --          ; teste                             ;
; EDA_TEST_BENCH_MODULE_NAME            ; teste                        ; --            ; --          ; teste                             ;
; EDA_TEST_BENCH_RUN_SIM_FOR            ; 2 ns                         ; --            ; --          ; teste                             ;
; MAX_CORE_JUNCTION_TEMP                ; 85                           ; --            ; --          ; --                                ;
; MIN_CORE_JUNCTION_TEMP                ; 0                            ; --            ; --          ; --                                ;
; POWER_EXT_SUPPLY_VOLTAGE_TO_REGULATOR ; 3.3V                         ; --            ; --          ; --                                ;
; POWER_PRESET_COOLING_SOLUTION         ; No Heat Sink With Still Air  ; --            ; --          ; --                                ;
; PROJECT_OUTPUT_DIRECTORY              ; output_files                 ; --            ; --          ; --                                ;
; TOP_LEVEL_ENTITY                      ; principal                    ; PBL           ; --          ; --                                ;
+---------------------------------------+------------------------------+---------------+-------------+-----------------------------------+


+--------------------------------------------------------------------------------------------------------------------------+
; Flow Elapsed Time                                                                                                        ;
+----------------------+--------------+-------------------------+---------------------+------------------------------------+
; Module Name          ; Elapsed Time ; Average Processors Used ; Peak Virtual Memory ; Total CPU Time (on all processors) ;
+----------------------+--------------+-------------------------+---------------------+------------------------------------+
; Analysis & Synthesis ; 00:00:14     ; 1.0                     ; 335 MB              ; 00:00:37                           ;
; Fitter               ; 00:00:01     ; 1.6                     ; 1339 MB             ; 00:00:06                           ;
; Assembler            ; 00:00:01     ; 1.0                     ; 324 MB              ; 00:00:01                           ;
; Timing Analyzer      ; 00:00:02     ; 1.0                     ; 395 MB              ; 00:00:02                           ;
; Total                ; 00:00:18     ; --                      ; --                  ; 00:00:46                           ;
+----------------------+--------------+-------------------------+---------------------+------------------------------------+


+----------------------------------------------------------------------------------------------+
; Flow OS Summary                                                                              ;
+----------------------+------------------------+----------------+------------+----------------+
; Module Name          ; Machine Hostname       ; OS Name        ; OS Version ; Processor type ;
+----------------------+------------------------+----------------+------------+----------------+
; Analysis & Synthesis ; pedro-IdeaPad-3-15ALC6 ; Ubuntu 24.04.1 ; 24         ; x86_64         ;
; Fitter               ; pedro-IdeaPad-3-15ALC6 ; Ubuntu 24.04.1 ; 24         ; x86_64         ;
; Assembler            ; pedro-IdeaPad-3-15ALC6 ; Ubuntu 24.04.1 ; 24         ; x86_64         ;
; Timing Analyzer      ; pedro-IdeaPad-3-15ALC6 ; Ubuntu 24.04.1 ; 24         ; x86_64         ;
+----------------------+------------------------+----------------+------------+----------------+


------------
; Flow Log ;
------------
quartus_map --read_settings_files=on --write_settings_files=off PBL -c PBL
quartus_fit --read_settings_files=off --write_settings_files=off PBL -c PBL
quartus_asm --read_settings_files=off --write_settings_files=off PBL -c PBL
quartus_sta PBL -c PBL



