Analysis & Synthesis report for PBL
Sat Oct 26 17:17:48 2024
Quartus Prime Version 23.1std.1 Build 993 05/14/2024 SC Lite Edition


---------------------
; Table of Contents ;
---------------------
  1. Legal Notice
  2. Analysis & Synthesis Summary
  3. Analysis & Synthesis Settings
  4. Parallel Compilation
  5. Analysis & Synthesis Source Files Read
  6. Analysis & Synthesis Resource Usage Summary
  7. Analysis & Synthesis Resource Utilization by Entity
  8. General Register Statistics
  9. Port Connectivity Checks: "botao_velocidade:comb_4|flip_flop_d:comb_10"
 10. Port Connectivity Checks: "botao_velocidade:comb_4|flip_flop_d:comb_8"
 11. Port Connectivity Checks: "botao_velocidade:comb_4|flip_flop_d:comb_5"
 12. Port Connectivity Checks: "botao_velocidade:comb_4|flip_flop_d:comb_3"
 13. Analysis & Synthesis Messages



----------------
; Legal Notice ;
----------------
Copyright (C) 2024  Intel Corporation. All rights reserved.
Your use of Intel Corporation's design tools, logic functions 
and other software and tools, and any partner logic 
functions, and any output files from any of the foregoing 
(including device programming or simulation files), and any 
associated documentation or information are expressly subject 
to the terms and conditions of the Intel Program License 
Subscription Agreement, the Intel Quartus Prime License Agreement,
the Intel FPGA IP License Agreement, or other applicable license
agreement, including, without limitation, that your use is for
the sole purpose of programming logic devices manufactured by
Intel and sold by Intel or its authorized distributors.  Please
refer to the applicable agreement for further details, at
https://fpgasoftware.intel.com/eula.



+------------------------------------------------------------------------------+
; Analysis & Synthesis Summary                                                 ;
+-----------------------------+------------------------------------------------+
; Analysis & Synthesis Status ; Successful - Sat Oct 26 17:17:48 2024          ;
; Quartus Prime Version       ; 23.1std.1 Build 993 05/14/2024 SC Lite Edition ;
; Revision Name               ; PBL                                            ;
; Top-level Entity Name       ; principal                                      ;
; Family                      ; MAX II                                         ;
; Total logic elements        ; 73                                             ;
; Total pins                  ; 17                                             ;
; Total virtual pins          ; 0                                              ;
; UFM blocks                  ; 0 / 1 ( 0 % )                                  ;
+-----------------------------+------------------------------------------------+


+------------------------------------------------------------------------------------------------------------+
; Analysis & Synthesis Settings                                                                              ;
+------------------------------------------------------------------+--------------------+--------------------+
; Option                                                           ; Setting            ; Default Value      ;
+------------------------------------------------------------------+--------------------+--------------------+
; Device                                                           ; EPM240T100C5       ;                    ;
; Top-level entity name                                            ; principal          ; PBL                ;
; Family name                                                      ; MAX II             ; Cyclone V          ;
; Use smart compilation                                            ; Off                ; Off                ;
; Enable parallel Assembler and Timing Analyzer during compilation ; On                 ; On                 ;
; Enable compact report table                                      ; Off                ; Off                ;
; Restructure Multiplexers                                         ; Auto               ; Auto               ;
; Create Debugging Nodes for IP Cores                              ; Off                ; Off                ;
; Preserve fewer node names                                        ; On                 ; On                 ;
; Intel FPGA IP Evaluation Mode                                    ; Enable             ; Enable             ;
; Verilog Version                                                  ; Verilog_2001       ; Verilog_2001       ;
; VHDL Version                                                     ; VHDL_1993          ; VHDL_1993          ;
; State Machine Processing                                         ; Auto               ; Auto               ;
; Safe State Machine                                               ; Off                ; Off                ;
; Extract Verilog State Machines                                   ; On                 ; On                 ;
; Extract VHDL State Machines                                      ; On                 ; On                 ;
; Ignore Verilog initial constructs                                ; Off                ; Off                ;
; Iteration limit for constant Verilog loops                       ; 5000               ; 5000               ;
; Iteration limit for non-constant Verilog loops                   ; 250                ; 250                ;
; Add Pass-Through Logic to Inferred RAMs                          ; On                 ; On                 ;
; Infer RAMs from Raw Logic                                        ; On                 ; On                 ;
; Parallel Synthesis                                               ; On                 ; On                 ;
; NOT Gate Push-Back                                               ; On                 ; On                 ;
; Power-Up Don't Care                                              ; On                 ; On                 ;
; Remove Redundant Logic Cells                                     ; Off                ; Off                ;
; Remove Duplicate Registers                                       ; On                 ; On                 ;
; Ignore CARRY Buffers                                             ; Off                ; Off                ;
; Ignore CASCADE Buffers                                           ; Off                ; Off                ;
; Ignore GLOBAL Buffers                                            ; Off                ; Off                ;
; Ignore ROW GLOBAL Buffers                                        ; Off                ; Off                ;
; Ignore LCELL Buffers                                             ; Off                ; Off                ;
; Ignore SOFT Buffers                                              ; On                 ; On                 ;
; Limit AHDL Integers to 32 Bits                                   ; Off                ; Off                ;
; Optimization Technique                                           ; Balanced           ; Balanced           ;
; Carry Chain Length                                               ; 70                 ; 70                 ;
; Auto Carry Chains                                                ; On                 ; On                 ;
; Auto Open-Drain Pins                                             ; On                 ; On                 ;
; Perform WYSIWYG Primitive Resynthesis                            ; Off                ; Off                ;
; Auto Shift Register Replacement                                  ; Auto               ; Auto               ;
; Allow Shift Register Merging across Hierarchies                  ; Auto               ; Auto               ;
; Auto Clock Enable Replacement                                    ; On                 ; On                 ;
; Allow Synchronous Control Signals                                ; On                 ; On                 ;
; Force Use of Synchronous Clear Signals                           ; Off                ; Off                ;
; Auto Resource Sharing                                            ; Off                ; Off                ;
; Use LogicLock Constraints during Resource Balancing              ; On                 ; On                 ;
; Ignore translate_off and synthesis_off directives                ; Off                ; Off                ;
; Report Parameter Settings                                        ; On                 ; On                 ;
; Report Source Assignments                                        ; On                 ; On                 ;
; Report Connectivity Checks                                       ; On                 ; On                 ;
; Ignore Maximum Fan-Out Assignments                               ; Off                ; Off                ;
; Synchronization Register Chain Length                            ; 2                  ; 2                  ;
; Power Optimization During Synthesis                              ; Normal compilation ; Normal compilation ;
; HDL message level                                                ; Level2             ; Level2             ;
; Suppress Register Optimization Related Messages                  ; Off                ; Off                ;
; Number of Removed Registers Reported in Synthesis Report         ; 5000               ; 5000               ;
; Number of Swept Nodes Reported in Synthesis Report               ; 5000               ; 5000               ;
; Number of Inverted Registers Reported in Synthesis Report        ; 100                ; 100                ;
; Clock MUX Protection                                             ; On                 ; On                 ;
; Block Design Naming                                              ; Auto               ; Auto               ;
; Synthesis Effort                                                 ; Auto               ; Auto               ;
; Shift Register Replacement - Allow Asynchronous Clear Signal     ; On                 ; On                 ;
; Analysis & Synthesis Message Level                               ; Medium             ; Medium             ;
; Disable Register Merging Across Hierarchies                      ; Auto               ; Auto               ;
+------------------------------------------------------------------+--------------------+--------------------+


+------------------------------------------+
; Parallel Compilation                     ;
+----------------------------+-------------+
; Processors                 ; Number      ;
+----------------------------+-------------+
; Number detected on machine ; 12          ;
; Maximum allowed            ; 12          ;
;                            ;             ;
; Average used               ; 1.00        ;
; Maximum used               ; 1           ;
;                            ;             ;
; Usage by Processor         ; % Time Used ;
;     Processor 1            ; 100.0%      ;
+----------------------------+-------------+


+-----------------------------------------------------------------------------------------------------------------------------------+
; Analysis & Synthesis Source Files Read                                                                                            ;
+----------------------------------+-----------------+------------------------+-------------------------------------------+---------+
; File Name with User-Entered Path ; Used in Netlist ; File Type              ; File Name with Absolute Path              ; Library ;
+----------------------------------+-----------------+------------------------+-------------------------------------------+---------+
; contar_2.v                       ; yes             ; User Verilog HDL File  ; /home/pedro/PBL 2/contar_2.v              ;         ;
; contar_4.v                       ; yes             ; User Verilog HDL File  ; /home/pedro/PBL 2/contar_4.v              ;         ;
; contar_8.v                       ; yes             ; User Verilog HDL File  ; /home/pedro/PBL 2/contar_8.v              ;         ;
; mux.v                            ; yes             ; User Verilog HDL File  ; /home/pedro/PBL 2/mux.v                   ;         ;
; display.v                        ; yes             ; User Verilog HDL File  ; /home/pedro/PBL 2/display.v               ;         ;
; flip_flop_d.v                    ; yes             ; User Verilog HDL File  ; /home/pedro/PBL 2/flip_flop_d.v           ;         ;
; cadeamento.v                     ; yes             ; User Verilog HDL File  ; /home/pedro/PBL 2/cadeamento.v            ;         ;
; contar_acao.v                    ; yes             ; User Verilog HDL File  ; /home/pedro/PBL 2/contar_acao.v           ;         ;
; display_contagem_acao.v          ; yes             ; User Verilog HDL File  ; /home/pedro/PBL 2/display_contagem_acao.v ;         ;
; display_velocidade.v             ; yes             ; User Verilog HDL File  ; /home/pedro/PBL 2/display_velocidade.v    ;         ;
; mux_display.v                    ; yes             ; User Verilog HDL File  ; /home/pedro/PBL 2/mux_display.v           ;         ;
; principal.v                      ; yes             ; User Verilog HDL File  ; /home/pedro/PBL 2/principal.v             ;         ;
; dividir_5.v                      ; yes             ; User Verilog HDL File  ; /home/pedro/PBL 2/dividir_5.v             ;         ;
; divisor_frequencia.v             ; yes             ; User Verilog HDL File  ; /home/pedro/PBL 2/divisor_frequencia.v    ;         ;
; botao_velocidade.v               ; yes             ; User Verilog HDL File  ; /home/pedro/PBL 2/botao_velocidade.v      ;         ;
+----------------------------------+-----------------+------------------------+-------------------------------------------+---------+


+--------------------------------------------------------------------------------------------+
; Analysis & Synthesis Resource Usage Summary                                                ;
+---------------------------------------------+----------------------------------------------+
; Resource                                    ; Usage                                        ;
+---------------------------------------------+----------------------------------------------+
; Total logic elements                        ; 73                                           ;
;     -- Combinational with no register       ; 31                                           ;
;     -- Register only                        ; 1                                            ;
;     -- Combinational with a register        ; 41                                           ;
;                                             ;                                              ;
; Logic element usage by number of LUT inputs ;                                              ;
;     -- 4 input functions                    ; 6                                            ;
;     -- 3 input functions                    ; 7                                            ;
;     -- 2 input functions                    ; 18                                           ;
;     -- 1 input functions                    ; 41                                           ;
;     -- 0 input functions                    ; 0                                            ;
;                                             ;                                              ;
; Logic elements by mode                      ;                                              ;
;     -- normal mode                          ; 73                                           ;
;     -- arithmetic mode                      ; 0                                            ;
;     -- qfbk mode                            ; 0                                            ;
;     -- register cascade mode                ; 0                                            ;
;     -- synchronous clear/load mode          ; 0                                            ;
;     -- asynchronous clear/load mode         ; 31                                           ;
;                                             ;                                              ;
; Total registers                             ; 42                                           ;
; I/O pins                                    ; 17                                           ;
; Maximum fan-out node                        ; divisor_frequencia:comb_3|flip_flop_d:div9|q ;
; Maximum fan-out                             ; 10                                           ;
; Total fan-out                               ; 207                                          ;
; Average fan-out                             ; 2.30                                         ;
+---------------------------------------------+----------------------------------------------+


+--------------------------------------------------------------------------------------------------------------------------------------------------------------------------------------------------------------------------------------------------------------------------------------------------------+
; Analysis & Synthesis Resource Utilization by Entity                                                                                                                                                                                                                                                    ;
+------------------------------------------+-------------+--------------+------------+------+--------------+--------------+-------------------+------------------+-----------------+------------+--------------------------------------------------------------------+--------------------+--------------+
; Compilation Hierarchy Node               ; Logic Cells ; LC Registers ; UFM Blocks ; Pins ; Virtual Pins ; LUT-Only LCs ; Register-Only LCs ; LUT/Register LCs ; Carry Chain LCs ; Packed LCs ; Full Hierarchy Name                                                ; Entity Name        ; Library Name ;
+------------------------------------------+-------------+--------------+------------+------+--------------+--------------+-------------------+------------------+-----------------+------------+--------------------------------------------------------------------+--------------------+--------------+
; |principal                               ; 73 (8)      ; 42           ; 0          ; 17   ; 0            ; 31 (8)       ; 1 (0)             ; 41 (0)           ; 0 (0)           ; 0 (0)      ; |principal                                                         ; principal          ; work         ;
;    |botao_velocidade:comb_4|             ; 5 (1)       ; 4            ; 0          ; 0    ; 0            ; 1 (1)        ; 1 (0)             ; 3 (0)            ; 0 (0)           ; 0 (0)      ; |principal|botao_velocidade:comb_4                                 ; botao_velocidade   ; work         ;
;       |flip_flop_d:comb_10|              ; 1 (1)       ; 1            ; 0          ; 0    ; 0            ; 0 (0)        ; 0 (0)             ; 1 (1)            ; 0 (0)           ; 0 (0)      ; |principal|botao_velocidade:comb_4|flip_flop_d:comb_10             ; flip_flop_d        ; work         ;
;       |flip_flop_d:comb_3|               ; 1 (1)       ; 1            ; 0          ; 0    ; 0            ; 0 (0)        ; 0 (0)             ; 1 (1)            ; 0 (0)           ; 0 (0)      ; |principal|botao_velocidade:comb_4|flip_flop_d:comb_3              ; flip_flop_d        ; work         ;
;       |flip_flop_d:comb_5|               ; 1 (1)       ; 1            ; 0          ; 0    ; 0            ; 0 (0)        ; 1 (1)             ; 0 (0)            ; 0 (0)           ; 0 (0)      ; |principal|botao_velocidade:comb_4|flip_flop_d:comb_5              ; flip_flop_d        ; work         ;
;       |flip_flop_d:comb_8|               ; 1 (1)       ; 1            ; 0          ; 0    ; 0            ; 0 (0)        ; 0 (0)             ; 1 (1)            ; 0 (0)           ; 0 (0)      ; |principal|botao_velocidade:comb_4|flip_flop_d:comb_8              ; flip_flop_d        ; work         ;
;    |cadeamento:cadeamento_contagem_acao| ; 3 (0)       ; 3            ; 0          ; 0    ; 0            ; 0 (0)        ; 0 (0)             ; 3 (0)            ; 0 (0)           ; 0 (0)      ; |principal|cadeamento:cadeamento_contagem_acao                     ; cadeamento         ; work         ;
;       |flip_flop_d:bit0|                 ; 1 (1)       ; 1            ; 0          ; 0    ; 0            ; 0 (0)        ; 0 (0)             ; 1 (1)            ; 0 (0)           ; 0 (0)      ; |principal|cadeamento:cadeamento_contagem_acao|flip_flop_d:bit0    ; flip_flop_d        ; work         ;
;       |flip_flop_d:bit1|                 ; 1 (1)       ; 1            ; 0          ; 0    ; 0            ; 0 (0)        ; 0 (0)             ; 1 (1)            ; 0 (0)           ; 0 (0)      ; |principal|cadeamento:cadeamento_contagem_acao|flip_flop_d:bit1    ; flip_flop_d        ; work         ;
;       |flip_flop_d:bit2|                 ; 1 (1)       ; 1            ; 0          ; 0    ; 0            ; 0 (0)        ; 0 (0)             ; 1 (1)            ; 0 (0)           ; 0 (0)      ; |principal|cadeamento:cadeamento_contagem_acao|flip_flop_d:bit2    ; flip_flop_d        ; work         ;
;    |cadeamento:contador|                 ; 4 (0)       ; 4            ; 0          ; 0    ; 0            ; 0 (0)        ; 0 (0)             ; 4 (0)            ; 0 (0)           ; 0 (0)      ; |principal|cadeamento:contador                                     ; cadeamento         ; work         ;
;       |flip_flop_d:bit0|                 ; 1 (1)       ; 1            ; 0          ; 0    ; 0            ; 0 (0)        ; 0 (0)             ; 1 (1)            ; 0 (0)           ; 0 (0)      ; |principal|cadeamento:contador|flip_flop_d:bit0                    ; flip_flop_d        ; work         ;
;       |flip_flop_d:bit1|                 ; 1 (1)       ; 1            ; 0          ; 0    ; 0            ; 0 (0)        ; 0 (0)             ; 1 (1)            ; 0 (0)           ; 0 (0)      ; |principal|cadeamento:contador|flip_flop_d:bit1                    ; flip_flop_d        ; work         ;
;       |flip_flop_d:bit2|                 ; 1 (1)       ; 1            ; 0          ; 0    ; 0            ; 0 (0)        ; 0 (0)             ; 1 (1)            ; 0 (0)           ; 0 (0)      ; |principal|cadeamento:contador|flip_flop_d:bit2                    ; flip_flop_d        ; work         ;
;       |flip_flop_d:bit3|                 ; 1 (1)       ; 1            ; 0          ; 0    ; 0            ; 0 (0)        ; 0 (0)             ; 1 (1)            ; 0 (0)           ; 0 (0)      ; |principal|cadeamento:contador|flip_flop_d:bit3                    ; flip_flop_d        ; work         ;
;    |display:display_mostrador|           ; 11 (0)      ; 0            ; 0          ; 0    ; 0            ; 11 (0)       ; 0 (0)             ; 0 (0)            ; 0 (0)           ; 0 (0)      ; |principal|display:display_mostrador                               ; display            ; work         ;
;       |mux_display:comb_10|              ; 2 (2)       ; 0            ; 0          ; 0    ; 0            ; 2 (2)        ; 0 (0)             ; 0 (0)            ; 0 (0)           ; 0 (0)      ; |principal|display:display_mostrador|mux_display:comb_10           ; mux_display        ; work         ;
;       |mux_display:comb_4|               ; 3 (3)       ; 0            ; 0          ; 0    ; 0            ; 3 (3)        ; 0 (0)             ; 0 (0)            ; 0 (0)           ; 0 (0)      ; |principal|display:display_mostrador|mux_display:comb_4            ; mux_display        ; work         ;
;       |mux_display:comb_5|               ; 1 (1)       ; 0            ; 0          ; 0    ; 0            ; 1 (1)        ; 0 (0)             ; 0 (0)            ; 0 (0)           ; 0 (0)      ; |principal|display:display_mostrador|mux_display:comb_5            ; mux_display        ; work         ;
;       |mux_display:comb_6|               ; 2 (2)       ; 0            ; 0          ; 0    ; 0            ; 2 (2)        ; 0 (0)             ; 0 (0)            ; 0 (0)           ; 0 (0)      ; |principal|display:display_mostrador|mux_display:comb_6            ; mux_display        ; work         ;
;       |mux_display:comb_8|               ; 2 (2)       ; 0            ; 0          ; 0    ; 0            ; 2 (2)        ; 0 (0)             ; 0 (0)            ; 0 (0)           ; 0 (0)      ; |principal|display:display_mostrador|mux_display:comb_8            ; mux_display        ; work         ;
;       |mux_display:comb_9|               ; 1 (1)       ; 0            ; 0          ; 0    ; 0            ; 1 (1)        ; 0 (0)             ; 0 (0)            ; 0 (0)           ; 0 (0)      ; |principal|display:display_mostrador|mux_display:comb_9            ; mux_display        ; work         ;
;    |divisor_frequencia:comb_3|           ; 39 (0)      ; 31           ; 0          ; 0    ; 0            ; 8 (0)        ; 0 (0)             ; 31 (0)           ; 0 (0)           ; 0 (0)      ; |principal|divisor_frequencia:comb_3                               ; divisor_frequencia ; work         ;
;       |dividir_5:div1|                   ; 4 (1)       ; 3            ; 0          ; 0    ; 0            ; 1 (1)        ; 0 (0)             ; 3 (0)            ; 0 (0)           ; 0 (0)      ; |principal|divisor_frequencia:comb_3|dividir_5:div1                ; dividir_5          ; work         ;
;          |flip_flop_d:b0|                ; 1 (1)       ; 1            ; 0          ; 0    ; 0            ; 0 (0)        ; 0 (0)             ; 1 (1)            ; 0 (0)           ; 0 (0)      ; |principal|divisor_frequencia:comb_3|dividir_5:div1|flip_flop_d:b0 ; flip_flop_d        ; work         ;
;          |flip_flop_d:b1|                ; 1 (1)       ; 1            ; 0          ; 0    ; 0            ; 0 (0)        ; 0 (0)             ; 1 (1)            ; 0 (0)           ; 0 (0)      ; |principal|divisor_frequencia:comb_3|dividir_5:div1|flip_flop_d:b1 ; flip_flop_d        ; work         ;
;          |flip_flop_d:b2|                ; 1 (1)       ; 1            ; 0          ; 0    ; 0            ; 0 (0)        ; 0 (0)             ; 1 (1)            ; 0 (0)           ; 0 (0)      ; |principal|divisor_frequencia:comb_3|dividir_5:div1|flip_flop_d:b2 ; flip_flop_d        ; work         ;
;       |dividir_5:div2|                   ; 4 (1)       ; 3            ; 0          ; 0    ; 0            ; 1 (1)        ; 0 (0)             ; 3 (0)            ; 0 (0)           ; 0 (0)      ; |principal|divisor_frequencia:comb_3|dividir_5:div2                ; dividir_5          ; work         ;
;          |flip_flop_d:b0|                ; 1 (1)       ; 1            ; 0          ; 0    ; 0            ; 0 (0)        ; 0 (0)             ; 1 (1)            ; 0 (0)           ; 0 (0)      ; |principal|divisor_frequencia:comb_3|dividir_5:div2|flip_flop_d:b0 ; flip_flop_d        ; work         ;
;          |flip_flop_d:b1|                ; 1 (1)       ; 1            ; 0          ; 0    ; 0            ; 0 (0)        ; 0 (0)             ; 1 (1)            ; 0 (0)           ; 0 (0)      ; |principal|divisor_frequencia:comb_3|dividir_5:div2|flip_flop_d:b1 ; flip_flop_d        ; work         ;
;          |flip_flop_d:b2|                ; 1 (1)       ; 1            ; 0          ; 0    ; 0            ; 0 (0)        ; 0 (0)             ; 1 (1)            ; 0 (0)           ; 0 (0)      ; |principal|divisor_frequencia:comb_3|dividir_5:div2|flip_flop_d:b2 ; flip_flop_d        ; work         ;
;       |dividir_5:div3|                   ; 4 (1)       ; 3            ; 0          ; 0    ; 0            ; 1 (1)        ; 0 (0)             ; 3 (0)            ; 0 (0)           ; 0 (0)      ; |principal|divisor_frequencia:comb_3|dividir_5:div3                ; dividir_5          ; work         ;
;          |flip_flop_d:b0|                ; 1 (1)       ; 1            ; 0          ; 0    ; 0            ; 0 (0)        ; 0 (0)             ; 1 (1)            ; 0 (0)           ; 0 (0)      ; |principal|divisor_frequencia:comb_3|dividir_5:div3|flip_flop_d:b0 ; flip_flop_d        ; work         ;
;          |flip_flop_d:b1|                ; 1 (1)       ; 1            ; 0          ; 0    ; 0            ; 0 (0)        ; 0 (0)             ; 1 (1)            ; 0 (0)           ; 0 (0)      ; |principal|divisor_frequencia:comb_3|dividir_5:div3|flip_flop_d:b1 ; flip_flop_d        ; work         ;
;          |flip_flop_d:b2|                ; 1 (1)       ; 1            ; 0          ; 0    ; 0            ; 0 (0)        ; 0 (0)             ; 1 (1)            ; 0 (0)           ; 0 (0)      ; |principal|divisor_frequencia:comb_3|dividir_5:div3|flip_flop_d:b2 ; flip_flop_d        ; work         ;
;       |dividir_5:div4|                   ; 4 (1)       ; 3            ; 0          ; 0    ; 0            ; 1 (1)        ; 0 (0)             ; 3 (0)            ; 0 (0)           ; 0 (0)      ; |principal|divisor_frequencia:comb_3|dividir_5:div4                ; dividir_5          ; work         ;
;          |flip_flop_d:b0|                ; 1 (1)       ; 1            ; 0          ; 0    ; 0            ; 0 (0)        ; 0 (0)             ; 1 (1)            ; 0 (0)           ; 0 (0)      ; |principal|divisor_frequencia:comb_3|dividir_5:div4|flip_flop_d:b0 ; flip_flop_d        ; work         ;
;          |flip_flop_d:b1|                ; 1 (1)       ; 1            ; 0          ; 0    ; 0            ; 0 (0)        ; 0 (0)             ; 1 (1)            ; 0 (0)           ; 0 (0)      ; |principal|divisor_frequencia:comb_3|dividir_5:div4|flip_flop_d:b1 ; flip_flop_d        ; work         ;
;          |flip_flop_d:b2|                ; 1 (1)       ; 1            ; 0          ; 0    ; 0            ; 0 (0)        ; 0 (0)             ; 1 (1)            ; 0 (0)           ; 0 (0)      ; |principal|divisor_frequencia:comb_3|dividir_5:div4|flip_flop_d:b2 ; flip_flop_d        ; work         ;
;       |dividir_5:div5|                   ; 4 (1)       ; 3            ; 0          ; 0    ; 0            ; 1 (1)        ; 0 (0)             ; 3 (0)            ; 0 (0)           ; 0 (0)      ; |principal|divisor_frequencia:comb_3|dividir_5:div5                ; dividir_5          ; work         ;
;          |flip_flop_d:b0|                ; 1 (1)       ; 1            ; 0          ; 0    ; 0            ; 0 (0)        ; 0 (0)             ; 1 (1)            ; 0 (0)           ; 0 (0)      ; |principal|divisor_frequencia:comb_3|dividir_5:div5|flip_flop_d:b0 ; flip_flop_d        ; work         ;
;          |flip_flop_d:b1|                ; 1 (1)       ; 1            ; 0          ; 0    ; 0            ; 0 (0)        ; 0 (0)             ; 1 (1)            ; 0 (0)           ; 0 (0)      ; |principal|divisor_frequencia:comb_3|dividir_5:div5|flip_flop_d:b1 ; flip_flop_d        ; work         ;
;          |flip_flop_d:b2|                ; 1 (1)       ; 1            ; 0          ; 0    ; 0            ; 0 (0)        ; 0 (0)             ; 1 (1)            ; 0 (0)           ; 0 (0)      ; |principal|divisor_frequencia:comb_3|dividir_5:div5|flip_flop_d:b2 ; flip_flop_d        ; work         ;
;       |dividir_5:div6|                   ; 4 (1)       ; 3            ; 0          ; 0    ; 0            ; 1 (1)        ; 0 (0)             ; 3 (0)            ; 0 (0)           ; 0 (0)      ; |principal|divisor_frequencia:comb_3|dividir_5:div6                ; dividir_5          ; work         ;
;          |flip_flop_d:b0|                ; 1 (1)       ; 1            ; 0          ; 0    ; 0            ; 0 (0)        ; 0 (0)             ; 1 (1)            ; 0 (0)           ; 0 (0)      ; |principal|divisor_frequencia:comb_3|dividir_5:div6|flip_flop_d:b0 ; flip_flop_d        ; work         ;
;          |flip_flop_d:b1|                ; 1 (1)       ; 1            ; 0          ; 0    ; 0            ; 0 (0)        ; 0 (0)             ; 1 (1)            ; 0 (0)           ; 0 (0)      ; |principal|divisor_frequencia:comb_3|dividir_5:div6|flip_flop_d:b1 ; flip_flop_d        ; work         ;
;          |flip_flop_d:b2|                ; 1 (1)       ; 1            ; 0          ; 0    ; 0            ; 0 (0)        ; 0 (0)             ; 1 (1)            ; 0 (0)           ; 0 (0)      ; |principal|divisor_frequencia:comb_3|dividir_5:div6|flip_flop_d:b2 ; flip_flop_d        ; work         ;
;       |dividir_5:div7|                   ; 4 (1)       ; 3            ; 0          ; 0    ; 0            ; 1 (1)        ; 0 (0)             ; 3 (0)            ; 0 (0)           ; 0 (0)      ; |principal|divisor_frequencia:comb_3|dividir_5:div7                ; dividir_5          ; work         ;
;          |flip_flop_d:b0|                ; 1 (1)       ; 1            ; 0          ; 0    ; 0            ; 0 (0)        ; 0 (0)             ; 1 (1)            ; 0 (0)           ; 0 (0)      ; |principal|divisor_frequencia:comb_3|dividir_5:div7|flip_flop_d:b0 ; flip_flop_d        ; work         ;
;          |flip_flop_d:b1|                ; 1 (1)       ; 1            ; 0          ; 0    ; 0            ; 0 (0)        ; 0 (0)             ; 1 (1)            ; 0 (0)           ; 0 (0)      ; |principal|divisor_frequencia:comb_3|dividir_5:div7|flip_flop_d:b1 ; flip_flop_d        ; work         ;
;          |flip_flop_d:b2|                ; 1 (1)       ; 1            ; 0          ; 0    ; 0            ; 0 (0)        ; 0 (0)             ; 1 (1)            ; 0 (0)           ; 0 (0)      ; |principal|divisor_frequencia:comb_3|dividir_5:div7|flip_flop_d:b2 ; flip_flop_d        ; work         ;
;       |dividir_5:div8|                   ; 4 (1)       ; 3            ; 0          ; 0    ; 0            ; 1 (1)        ; 0 (0)             ; 3 (0)            ; 0 (0)           ; 0 (0)      ; |principal|divisor_frequencia:comb_3|dividir_5:div8                ; dividir_5          ; work         ;
;          |flip_flop_d:b0|                ; 1 (1)       ; 1            ; 0          ; 0    ; 0            ; 0 (0)        ; 0 (0)             ; 1 (1)            ; 0 (0)           ; 0 (0)      ; |principal|divisor_frequencia:comb_3|dividir_5:div8|flip_flop_d:b0 ; flip_flop_d        ; work         ;
;          |flip_flop_d:b1|                ; 1 (1)       ; 1            ; 0          ; 0    ; 0            ; 0 (0)        ; 0 (0)             ; 1 (1)            ; 0 (0)           ; 0 (0)      ; |principal|divisor_frequencia:comb_3|dividir_5:div8|flip_flop_d:b1 ; flip_flop_d        ; work         ;
;          |flip_flop_d:b2|                ; 1 (1)       ; 1            ; 0          ; 0    ; 0            ; 0 (0)        ; 0 (0)             ; 1 (1)            ; 0 (0)           ; 0 (0)      ; |principal|divisor_frequencia:comb_3|dividir_5:div8|flip_flop_d:b2 ; flip_flop_d        ; work         ;
;       |flip_flop_d:div10|                ; 1 (1)       ; 1            ; 0          ; 0    ; 0            ; 0 (0)        ; 0 (0)             ; 1 (1)            ; 0 (0)           ; 0 (0)      ; |principal|divisor_frequencia:comb_3|flip_flop_d:div10             ; flip_flop_d        ; work         ;
;       |flip_flop_d:div11|                ; 1 (1)       ; 1            ; 0          ; 0    ; 0            ; 0 (0)        ; 0 (0)             ; 1 (1)            ; 0 (0)           ; 0 (0)      ; |principal|divisor_frequencia:comb_3|flip_flop_d:div11             ; flip_flop_d        ; work         ;
;       |flip_flop_d:div12|                ; 1 (1)       ; 1            ; 0          ; 0    ; 0            ; 0 (0)        ; 0 (0)             ; 1 (1)            ; 0 (0)           ; 0 (0)      ; |principal|divisor_frequencia:comb_3|flip_flop_d:div12             ; flip_flop_d        ; work         ;
;       |flip_flop_d:div13|                ; 1 (1)       ; 1            ; 0          ; 0    ; 0            ; 0 (0)        ; 0 (0)             ; 1 (1)            ; 0 (0)           ; 0 (0)      ; |principal|divisor_frequencia:comb_3|flip_flop_d:div13             ; flip_flop_d        ; work         ;
;       |flip_flop_d:div14|                ; 1 (1)       ; 1            ; 0          ; 0    ; 0            ; 0 (0)        ; 0 (0)             ; 1 (1)            ; 0 (0)           ; 0 (0)      ; |principal|divisor_frequencia:comb_3|flip_flop_d:div14             ; flip_flop_d        ; work         ;
;       |flip_flop_d:div15|                ; 1 (1)       ; 1            ; 0          ; 0    ; 0            ; 0 (0)        ; 0 (0)             ; 1 (1)            ; 0 (0)           ; 0 (0)      ; |principal|divisor_frequencia:comb_3|flip_flop_d:div15             ; flip_flop_d        ; work         ;
;       |flip_flop_d:div9|                 ; 1 (1)       ; 1            ; 0          ; 0    ; 0            ; 0 (0)        ; 0 (0)             ; 1 (1)            ; 0 (0)           ; 0 (0)      ; |principal|divisor_frequencia:comb_3|flip_flop_d:div9              ; flip_flop_d        ; work         ;
;    |mux:multiplexador_da_acao|           ; 3 (3)       ; 0            ; 0          ; 0    ; 0            ; 3 (3)        ; 0 (0)             ; 0 (0)            ; 0 (0)           ; 0 (0)      ; |principal|mux:multiplexador_da_acao                               ; mux                ; work         ;
+------------------------------------------+-------------+--------------+------------+------+--------------+--------------+-------------------+------------------+-----------------+------------+--------------------------------------------------------------------+--------------------+--------------+
Note: For table entries with two numbers listed, the numbers in parentheses indicate the number of resources of the given type used by the specific entity alone. The numbers listed outside of parentheses indicate the total resources of the given type used by the specific entity and all of its sub-entities in the hierarchy.


+------------------------------------------------------+
; General Register Statistics                          ;
+----------------------------------------------+-------+
; Statistic                                    ; Value ;
+----------------------------------------------+-------+
; Total registers                              ; 42    ;
; Number of registers using Synchronous Clear  ; 0     ;
; Number of registers using Synchronous Load   ; 0     ;
; Number of registers using Asynchronous Clear ; 31    ;
; Number of registers using Asynchronous Load  ; 0     ;
; Number of registers using Clock Enable       ; 0     ;
; Number of registers using Preset             ; 0     ;
+----------------------------------------------+-------+


+-------------------------------------------------------------------------+
; Port Connectivity Checks: "botao_velocidade:comb_4|flip_flop_d:comb_10" ;
+-------+-------+----------+----------------------------------------------+
; Port  ; Type  ; Severity ; Details                                      ;
+-------+-------+----------+----------------------------------------------+
; reset ; Input ; Info     ; Stuck at GND                                 ;
+-------+-------+----------+----------------------------------------------+


+------------------------------------------------------------------------+
; Port Connectivity Checks: "botao_velocidade:comb_4|flip_flop_d:comb_8" ;
+-------+-------+----------+---------------------------------------------+
; Port  ; Type  ; Severity ; Details                                     ;
+-------+-------+----------+---------------------------------------------+
; reset ; Input ; Info     ; Stuck at GND                                ;
+-------+-------+----------+---------------------------------------------+


+------------------------------------------------------------------------+
; Port Connectivity Checks: "botao_velocidade:comb_4|flip_flop_d:comb_5" ;
+-------+-------+----------+---------------------------------------------+
; Port  ; Type  ; Severity ; Details                                     ;
+-------+-------+----------+---------------------------------------------+
; reset ; Input ; Info     ; Stuck at GND                                ;
+-------+-------+----------+---------------------------------------------+


+------------------------------------------------------------------------+
; Port Connectivity Checks: "botao_velocidade:comb_4|flip_flop_d:comb_3" ;
+-------+-------+----------+---------------------------------------------+
; Port  ; Type  ; Severity ; Details                                     ;
+-------+-------+----------+---------------------------------------------+
; reset ; Input ; Info     ; Stuck at GND                                ;
+-------+-------+----------+---------------------------------------------+


+-------------------------------+
; Analysis & Synthesis Messages ;
+-------------------------------+
Info: *******************************************************************
Info: Running Quartus Prime Analysis & Synthesis
    Info: Version 23.1std.1 Build 993 05/14/2024 SC Lite Edition
    Info: Processing started: Sat Oct 26 17:17:34 2024
Info: Command: quartus_map --read_settings_files=on --write_settings_files=off PBL -c PBL
Warning (18236): Number of processors has not been specified which may cause overloading on shared machines.  Set the global assignment NUM_PARALLEL_PROCESSORS in your QSF to an appropriate value for best performance.
Info (20030): Parallel compilation is enabled and will use 12 of the 12 processors detected
Info (12021): Found 1 design units, including 1 entities, in source file contar_2.v
    Info (12023): Found entity 1: contar_2 File: /home/pedro/PBL 2/contar_2.v Line: 2
Info (12021): Found 1 design units, including 1 entities, in source file contar_4.v
    Info (12023): Found entity 1: contar_4 File: /home/pedro/PBL 2/contar_4.v Line: 2
Info (12021): Found 1 design units, including 1 entities, in source file contar_8.v
    Info (12023): Found entity 1: contar_8 File: /home/pedro/PBL 2/contar_8.v Line: 2
Warning (12090): Entity "mux" obtained from "mux.v" instead of from Quartus Prime megafunction library File: /home/pedro/PBL 2/mux.v Line: 3
Info (12021): Found 1 design units, including 1 entities, in source file mux.v
    Info (12023): Found entity 1: mux File: /home/pedro/PBL 2/mux.v Line: 3
Info (12021): Found 1 design units, including 1 entities, in source file display.v
    Info (12023): Found entity 1: display File: /home/pedro/PBL 2/display.v Line: 2
Info (12021): Found 1 design units, including 1 entities, in source file flip_flop_d.v
    Info (12023): Found entity 1: flip_flop_d File: /home/pedro/PBL 2/flip_flop_d.v Line: 2
Info (12021): Found 1 design units, including 1 entities, in source file cadeamento.v
    Info (12023): Found entity 1: cadeamento File: /home/pedro/PBL 2/cadeamento.v Line: 2
Info (12021): Found 1 design units, including 1 entities, in source file contar_acao.v
    Info (12023): Found entity 1: contar_acao File: /home/pedro/PBL 2/contar_acao.v Line: 2
Info (12021): Found 1 design units, including 1 entities, in source file display_contagem_acao.v
    Info (12023): Found entity 1: display_contagem_acao File: /home/pedro/PBL 2/display_contagem_acao.v Line: 3
Info (12021): Found 1 design units, including 1 entities, in source file display_velocidade.v
    Info (12023): Found entity 1: display_velocidade File: /home/pedro/PBL 2/display_velocidade.v Line: 3
Info (12021): Found 1 design units, including 1 entities, in source file mux_display.v
    Info (12023): Found entity 1: mux_display File: /home/pedro/PBL 2/mux_display.v Line: 3
Info (12021): Found 1 design units, including 1 entities, in source file principal.v
    Info (12023): Found entity 1: principal File: /home/pedro/PBL 2/principal.v Line: 1
Info (12021): Found 1 design units, including 1 entities, in source file dividir_5.v
    Info (12023): Found entity 1: dividir_5 File: /home/pedro/PBL 2/dividir_5.v Line: 3
Info (12021): Found 1 design units, including 1 entities, in source file divisor_frequencia.v
    Info (12023): Found entity 1: divisor_frequencia File: /home/pedro/PBL 2/divisor_frequencia.v Line: 3
Info (12021): Found 1 design units, including 1 entities, in source file botao_velocidade.v
    Info (12023): Found entity 1: botao_velocidade File: /home/pedro/PBL 2/botao_velocidade.v Line: 2
Warning (10236): Verilog HDL Implicit Net warning at divisor_frequencia.v(18): created implicit net for "reset" File: /home/pedro/PBL 2/divisor_frequencia.v Line: 18
Critical Warning (10846): Verilog HDL Instantiation warning at mux.v(9): instance has no name File: /home/pedro/PBL 2/mux.v Line: 9
Critical Warning (10846): Verilog HDL Instantiation warning at mux.v(10): instance has no name File: /home/pedro/PBL 2/mux.v Line: 10
Critical Warning (10846): Verilog HDL Instantiation warning at mux.v(11): instance has no name File: /home/pedro/PBL 2/mux.v Line: 11
Critical Warning (10846): Verilog HDL Instantiation warning at display.v(9): instance has no name File: /home/pedro/PBL 2/display.v Line: 9
Critical Warning (10846): Verilog HDL Instantiation warning at display.v(11): instance has no name File: /home/pedro/PBL 2/display.v Line: 11
Critical Warning (10846): Verilog HDL Instantiation warning at display.v(12): instance has no name File: /home/pedro/PBL 2/display.v Line: 12
Critical Warning (10846): Verilog HDL Instantiation warning at display.v(13): instance has no name File: /home/pedro/PBL 2/display.v Line: 13
Critical Warning (10846): Verilog HDL Instantiation warning at display.v(14): instance has no name File: /home/pedro/PBL 2/display.v Line: 14
Critical Warning (10846): Verilog HDL Instantiation warning at display.v(15): instance has no name File: /home/pedro/PBL 2/display.v Line: 15
Critical Warning (10846): Verilog HDL Instantiation warning at display.v(16): instance has no name File: /home/pedro/PBL 2/display.v Line: 16
Critical Warning (10846): Verilog HDL Instantiation warning at display.v(17): instance has no name File: /home/pedro/PBL 2/display.v Line: 17
Critical Warning (10846): Verilog HDL Instantiation warning at principal.v(20): instance has no name File: /home/pedro/PBL 2/principal.v Line: 20
Critical Warning (10846): Verilog HDL Instantiation warning at botao_velocidade.v(9): instance has no name File: /home/pedro/PBL 2/botao_velocidade.v Line: 9
Critical Warning (10846): Verilog HDL Instantiation warning at botao_velocidade.v(10): instance has no name File: /home/pedro/PBL 2/botao_velocidade.v Line: 10
Critical Warning (10846): Verilog HDL Instantiation warning at botao_velocidade.v(15): instance has no name File: /home/pedro/PBL 2/botao_velocidade.v Line: 15
Critical Warning (10846): Verilog HDL Instantiation warning at botao_velocidade.v(16): instance has no name File: /home/pedro/PBL 2/botao_velocidade.v Line: 16
Critical Warning (10846): Verilog HDL Instantiation warning at principal.v(21): instance has no name File: /home/pedro/PBL 2/principal.v Line: 21
Info (12127): Elaborating entity "principal" for the top level hierarchy
Info (12128): Elaborating entity "divisor_frequencia" for hierarchy "divisor_frequencia:comb_3" File: /home/pedro/PBL 2/principal.v Line: 20
Info (12128): Elaborating entity "dividir_5" for hierarchy "divisor_frequencia:comb_3|dividir_5:div1" File: /home/pedro/PBL 2/divisor_frequencia.v Line: 10
Info (12128): Elaborating entity "flip_flop_d" for hierarchy "divisor_frequencia:comb_3|dividir_5:div1|flip_flop_d:b0" File: /home/pedro/PBL 2/dividir_5.v Line: 9
Info (12128): Elaborating entity "botao_velocidade" for hierarchy "botao_velocidade:comb_4" File: /home/pedro/PBL 2/principal.v Line: 21
Info (12128): Elaborating entity "cadeamento" for hierarchy "cadeamento:contador" File: /home/pedro/PBL 2/principal.v Line: 46
Info (12128): Elaborating entity "contar_acao" for hierarchy "contar_acao:contador_da_acao" File: /home/pedro/PBL 2/principal.v Line: 61
Info (12128): Elaborating entity "mux" for hierarchy "mux:multiplexador_da_acao" File: /home/pedro/PBL 2/principal.v Line: 71
Info (12128): Elaborating entity "contar_2" for hierarchy "mux:multiplexador_da_acao|contar_2:comb_3" File: /home/pedro/PBL 2/mux.v Line: 9
Info (12128): Elaborating entity "contar_4" for hierarchy "mux:multiplexador_da_acao|contar_4:comb_4" File: /home/pedro/PBL 2/mux.v Line: 10
Info (12128): Elaborating entity "contar_8" for hierarchy "mux:multiplexador_da_acao|contar_8:comb_5" File: /home/pedro/PBL 2/mux.v Line: 11
Info (12128): Elaborating entity "display" for hierarchy "display:display_mostrador" File: /home/pedro/PBL 2/principal.v Line: 88
Info (12128): Elaborating entity "display_contagem_acao" for hierarchy "display:display_mostrador|display_contagem_acao:contagem_acao_ins" File: /home/pedro/PBL 2/display.v Line: 8
Info (12128): Elaborating entity "display_velocidade" for hierarchy "display:display_mostrador|display_velocidade:comb_3" File: /home/pedro/PBL 2/display.v Line: 9
Info (12128): Elaborating entity "mux_display" for hierarchy "display:display_mostrador|mux_display:comb_4" File: /home/pedro/PBL 2/display.v Line: 11
Warning (12011): Net is missing source, defaulting to GND
    Warning (12110): Net "divisor_frequencia:comb_3|reset" is missing source, defaulting to GND File: /home/pedro/PBL 2/divisor_frequencia.v Line: 18
Warning (19016): Clock multiplexers are found and protected
    Warning (19017): Found clock multiplexer mux:multiplexador_da_acao|Or_reset~0 File: /home/pedro/PBL 2/mux.v Line: 13
    Warning (19017): Found clock multiplexer mux:multiplexador_da_acao|Or_reset~1 File: /home/pedro/PBL 2/mux.v Line: 13
Warning (13024): Output pins are stuck at VCC or GND
    Warning (13410): Pin "d1" is stuck at VCC File: /home/pedro/PBL 2/principal.v Line: 3
    Warning (13410): Pin "d2" is stuck at VCC File: /home/pedro/PBL 2/principal.v Line: 3
Info (21057): Implemented 90 device resources after synthesis - the final resource count might be different
    Info (21058): Implemented 4 input pins
    Info (21059): Implemented 13 output pins
    Info (21061): Implemented 73 logic cells
Info: Quartus Prime Analysis & Synthesis was successful. 0 errors, 28 warnings
    Info: Peak virtual memory: 335 megabytes
    Info: Processing ended: Sat Oct 26 17:17:48 2024
    Info: Elapsed time: 00:00:14
    Info: Total CPU time (on all processors): 00:00:37


